#
# A fatal error has been detected by the Java Runtime Environment:
#
#  EXCEPTION_ACCESS_VIOLATION (0xc0000005) at pc=0x0000000000000000, pid=5080, tid=5252
#
# JRE version: Java(TM) SE Runtime Environment (8.0-b132) (build 1.8.0-b132)
# Java VM: Java HotSpot(TM) 64-Bit Server VM (25.0-b70 mixed mode windows-amd64 compressed oops)
# Problematic frame:
# C  0x0000000000000000
#
# Failed to write core dump. Minidumps are not enabled by default on client versions of Windows
#
# If you would like to submit a bug report, please visit:
#   http://bugreport.sun.com/bugreport/crash.jsp
# The crash happened outside the Java Virtual Machine in native code.
# See problematic frame for where to report the bug.
#

---------------  T H R E A D  ---------------

Current thread (0x0000000057cb9000):  JavaThread "LWJGL Application" [_thread_in_native, id=5252, stack(0x000000005a070000,0x000000005a170000)]

siginfo: ExceptionCode=0xc0000005, ExceptionInformation=0x0000000000000008 0x0000000000000000

Registers:
RAX=0x000000005c680180, RBX=0x000000005c680080, RCX=0x000000005c680080, RDX=0x00000000002f7c30
RSP=0x000000005a16e9d8, RBP=0x0000000000311b40, RSI=0x00000000002f7c30, RDI=0x00000000002f7c30
R8 =0x00000000002f7c30, R9 =0x000000005c680080, R10=0x0000000002772ea2, R11=0x000000005cc49e10
R12=0x0000000000000001, R13=0x0000000055db0ae8, R14=0x000000005a16ebc0, R15=0x0000000057cb9000
RIP=0x0000000000000000, EFLAGS=0x0000000000010202

Top of Stack: (sp=0x000000005a16e9d8)
0x000000005a16e9d8:   0000000066bd43f2 0000000057cb9000
0x000000005a16e9e8:   0000000057cb9000 0000000055b83c88
0x000000005a16e9f8:   000000005cb5bbec 0000001900000001
0x000000005a16ea08:   000000005c680080 0000000000311c00
0x000000005a16ea18:   0000000066be2743 000000000000000e
0x000000005a16ea28:   0000000057cb9000 0000000055b83c88
0x000000005a16ea38:   000000005cb595ea 00000000002f7c30
0x000000005a16ea48:   000000005c680080 000000000000006e
0x000000005a16ea58:   000000005a16eb80 0000000000000000
0x000000005a16ea68:   0000000066be8f2d 000000005a16f078
0x000000005a16ea78:   000000005a16eb08 000000000000007f
0x000000005a16ea88:   000000000000006e 0000000066c1c830
0x000000005a16ea98:   0000000057cb91e0 000000005a16ebc0
0x000000005a16eaa8:   0000000055b83c88 0000000066c1c8b0
0x000000005a16eab8:   0000000057cb91e0 000000005a16ebc0
0x000000005a16eac8:   000000005a16eac8 0000000055b83be0 

Instructions: (pc=0x0000000000000000)
0xffffffffffffffe0:   


Register to memory mapping:

RAX=0x000000005c680180 is an unknown value
RBX=0x000000005c680080 is an unknown value
RCX=0x000000005c680080 is an unknown value
RDX=0x00000000002f7c30 is an unknown value
RSP=0x000000005a16e9d8 is pointing into the stack for thread: 0x0000000057cb9000
RBP=0x0000000000311b40 is an unknown value
RSI=0x00000000002f7c30 is an unknown value
RDI=0x00000000002f7c30 is an unknown value
R8 =0x00000000002f7c30 is an unknown value
R9 =0x000000005c680080 is an unknown value
R10=0x0000000002772ea2 is at code_begin+834 in an Interpreter codelet
method entry point (kind = native)  [0x0000000002772b60, 0x00000000027734a0]  2368 bytes
R11=0x000000005cc49e10 is an unknown value
R12=0x0000000000000001 is an unknown value
R13=0x0000000055db0ae8 is an unknown value
R14=0x000000005a16ebc0 is pointing into the stack for thread: 0x0000000057cb9000
R15=0x0000000057cb9000 is a thread


Stack: [0x000000005a070000,0x000000005a170000],  sp=0x000000005a16e9d8,  free space=1018k
Native frames: (J=compiled Java code, j=interpreted, Vv=VM code, C=native code)

Java frames: (J=compiled Java code, j=interpreted, Vv=VM code)
j  com.badlogic.gdx.physics.box2d.World.jniDestroyJoint(JJ)V+0
j  com.badlogic.gdx.physics.box2d.World.destroyJoint(Lcom/badlogic/gdx/physics/box2d/Joint;)V+64
j  com.alexngai.lighttest.helpers.InputHandler.update(F)V+43
j  com.alexngai.lighttest.GameInstanceScreen.render(F)V+5
j  com.badlogic.gdx.Game.render()V+19
j  com.badlogic.gdx.backends.lwjgl.LwjglApplication.mainLoop()V+619
j  com.badlogic.gdx.backends.lwjgl.LwjglApplication$1.run()V+27
v  ~StubRoutines::call_stub

---------------  P R O C E S S  ---------------

Java Threads: ( => current thread )
  0x0000000058cb3000 JavaThread "LWJGL Timer" daemon [_thread_blocked, id=3260, stack(0x000000005eeb0000,0x000000005efb0000)]
  0x000000000221e800 JavaThread "DestroyJavaVM" [_thread_blocked, id=7508, stack(0x0000000002390000,0x0000000002490000)]
=>0x0000000057cb9000 JavaThread "LWJGL Application" [_thread_in_native, id=5252, stack(0x000000005a070000,0x000000005a170000)]
  0x00000000579ef000 JavaThread "Service Thread" daemon [_thread_blocked, id=6560, stack(0x0000000058020000,0x0000000058120000)]
  0x0000000057970800 JavaThread "C1 CompilerThread2" daemon [_thread_blocked, id=6676, stack(0x0000000057ee0000,0x0000000057fe0000)]
  0x000000005610f000 JavaThread "C2 CompilerThread1" daemon [_thread_blocked, id=1552, stack(0x0000000057870000,0x0000000057970000)]
  0x000000005610a000 JavaThread "C2 CompilerThread0" daemon [_thread_blocked, id=6856, stack(0x0000000057490000,0x0000000057590000)]
  0x0000000056105800 JavaThread "Attach Listener" daemon [_thread_blocked, id=7772, stack(0x0000000057750000,0x0000000057850000)]
  0x00000000560a9000 JavaThread "Signal Dispatcher" daemon [_thread_blocked, id=9152, stack(0x00000000575f0000,0x00000000576f0000)]
  0x00000000560a5000 JavaThread "Finalizer" daemon [_thread_blocked, id=1680, stack(0x0000000057350000,0x0000000057450000)]
  0x000000005609b800 JavaThread "Reference Handler" daemon [_thread_blocked, id=8228, stack(0x00000000571b0000,0x00000000572b0000)]

Other Threads:
  0x0000000056097800 VMThread [stack: 0x0000000057050000,0x0000000057150000] [id=6432]
  0x00000000579f2800 WatcherThread [stack: 0x0000000057da0000,0x0000000057ea0000] [id=8772]

VM state:not at safepoint (normal execution)

VM Mutex/Monitor currently owned by a thread: None

Heap:
 PSYoungGen      total 8704K, used 5056K [0x00000000e1100000, 0x00000000e1b00000, 0x0000000100000000)
  eden space 7168K, 53% used [0x00000000e1100000,0x00000000e14b8ee8,0x00000000e1800000)
  from space 1536K, 81% used [0x00000000e1980000,0x00000000e1ab7318,0x00000000e1b00000)
  to   space 1536K, 0% used [0x00000000e1800000,0x00000000e1800000,0x00000000e1980000)
 ParOldGen       total 94720K, used 1330K [0x00000000a3200000, 0x00000000a8e80000, 0x00000000e1100000)
  object space 94720K, 1% used [0x00000000a3200000,0x00000000a334ca10,0x00000000a8e80000)
 Metaspace       used 8038K, capacity 8379K, committed 8576K, reserved 1056768K
  class space    used 802K, capacity 848K, committed 896K, reserved 1048576K

Card table byte_map: [0x0000000011b20000,0x0000000011e10000] byte_map_base: 0x0000000011607000

Marking Bits: (ParMarkBitMap*) 0x000000005d1f13b0
 Begin Bits: [0x00000000125b0000, 0x0000000013ce8000)
 End Bits:   [0x0000000013ce8000, 0x0000000015420000)

Polling page: 0x0000000000130000

CodeCache: size=245760Kb used=3247Kb max_used=3247Kb free=242512Kb
 bounds [0x0000000002760000, 0x0000000002a90000, 0x0000000011760000]
 total_blobs=1384 nmethods=878 adapters=421
 compilation: enabled

Compilation events (10 events):
Event: 2.415 Thread 0x0000000057970800  873       3       com.badlogic.gdx.backends.lwjgl.LwjglGL20::glViewport (9 bytes)
Event: 2.415 Thread 0x0000000057970800 nmethod 873 0x0000000002a84b50 code [0x0000000002a84d40, 0x0000000002a85458]
Event: 2.415 Thread 0x0000000057970800  874       3       org.lwjgl.opengl.GL11::glViewport (27 bytes)
Event: 2.416 Thread 0x0000000057970800 nmethod 874 0x0000000002a859d0 code [0x0000000002a85ba0, 0x0000000002a86238]
Event: 2.419 Thread 0x0000000057970800  876       3       com.badlogic.gdx.graphics.glutils.VertexBufferObject::bind (255 bytes)
Event: 2.422 Thread 0x0000000057970800 nmethod 876 0x0000000002a86a10 code [0x0000000002a86e80, 0x0000000002a89018]
Event: 2.422 Thread 0x0000000057970800  877       3       com.badlogic.gdx.graphics.glutils.VertexBufferObject::unbind (100 bytes)
Event: 2.424 Thread 0x0000000057970800 nmethod 877 0x0000000002a8b110 code [0x0000000002a8b4a0, 0x0000000002a8cc38]
Event: 2.424 Thread 0x0000000057970800  878       1       com.badlogic.gdx.graphics.glutils.ShapeRenderer$ShapeType::getGlType (5 bytes)
Event: 2.424 Thread 0x0000000057970800 nmethod 878 0x0000000002a8e450 code [0x0000000002a8e5a0, 0x0000000002a8e6b0]

GC Heap History (10 events):
Event: 0.328 GC heap before
{Heap before GC invocations=4 (full 0):
 PSYoungGen      total 1536K, used 1520K [0x00000000e1100000, 0x00000000e1400000, 0x0000000100000000)
  eden space 1024K, 100% used [0x00000000e1100000,0x00000000e1200000,0x00000000e1200000)
  from space 512K, 96% used [0x00000000e1200000,0x00000000e127c010,0x00000000e1280000)
  to   space 512K, 0% used [0x00000000e1380000,0x00000000e1380000,0x00000000e1400000)
 ParOldGen       total 94720K, used 304K [0x00000000a3200000, 0x00000000a8e80000, 0x00000000e1100000)
  object space 94720K, 0% used [0x00000000a3200000,0x00000000a324c2e0,0x00000000a8e80000)
 Metaspace       used 3800K, capacity 4832K, committed 5120K, reserved 1056768K
  class space    used 427K, capacity 464K, committed 512K, reserved 1048576K
Event: 0.334 GC heap after
Heap after GC invocations=4 (full 0):
 PSYoungGen      total 2560K, used 496K [0x00000000e1100000, 0x00000000e1400000, 0x0000000100000000)
  eden space 2048K, 0% used [0x00000000e1100000,0x00000000e1100000,0x00000000e1300000)
  from space 512K, 96% used [0x00000000e1380000,0x00000000e13fc010,0x00000000e1400000)
  to   space 512K, 0% used [0x00000000e1300000,0x00000000e1300000,0x00000000e1380000)
 ParOldGen       total 94720K, used 536K [0x00000000a3200000, 0x00000000a8e80000, 0x00000000e1100000)
  object space 94720K, 0% used [0x00000000a3200000,0x00000000a32862f0,0x00000000a8e80000)
 Metaspace       used 3800K, capacity 4832K, committed 5120K, reserved 1056768K
  class space    used 427K, capacity 464K, committed 512K, reserved 1048576K
}
Event: 0.447 GC heap before
{Heap before GC invocations=5 (full 0):
 PSYoungGen      total 2560K, used 2544K [0x00000000e1100000, 0x00000000e1400000, 0x0000000100000000)
  eden space 2048K, 100% used [0x00000000e1100000,0x00000000e1300000,0x00000000e1300000)
  from space 512K, 96% used [0x00000000e1380000,0x00000000e13fc010,0x00000000e1400000)
  to   space 512K, 0% used [0x00000000e1300000,0x00000000e1300000,0x00000000e1380000)
 ParOldGen       total 94720K, used 536K [0x00000000a3200000, 0x00000000a8e80000, 0x00000000e1100000)
  object space 94720K, 0% used [0x00000000a3200000,0x00000000a32862f0,0x00000000a8e80000)
 Metaspace       used 4360K, capacity 5216K, committed 5504K, reserved 1056768K
  class space    used 481K, capacity 528K, committed 640K, reserved 1048576K
Event: 0.448 GC heap after
Heap after GC invocations=5 (full 0):
 PSYoungGen      total 2560K, used 496K [0x00000000e1100000, 0x00000000e1700000, 0x0000000100000000)
  eden space 2048K, 0% used [0x00000000e1100000,0x00000000e1100000,0x00000000e1300000)
  from space 512K, 96% used [0x00000000e1300000,0x00000000e137c010,0x00000000e1380000)
  to   space 1024K, 0% used [0x00000000e1600000,0x00000000e1600000,0x00000000e1700000)
 ParOldGen       total 94720K, used 900K [0x00000000a3200000, 0x00000000a8e80000, 0x00000000e1100000)
  object space 94720K, 0% used [0x00000000a3200000,0x00000000a32e12f8,0x00000000a8e80000)
 Metaspace       used 4360K, capacity 5216K, committed 5504K, reserved 1056768K
  class space    used 481K, capacity 528K, committed 640K, reserved 1048576K
}
Event: 0.688 GC heap before
{Heap before GC invocations=6 (full 0):
 PSYoungGen      total 2560K, used 2544K [0x00000000e1100000, 0x00000000e1700000, 0x0000000100000000)
  eden space 2048K, 100% used [0x00000000e1100000,0x00000000e1300000,0x00000000e1300000)
  from space 512K, 96% used [0x00000000e1300000,0x00000000e137c010,0x00000000e1380000)
  to   space 1024K, 0% used [0x00000000e1600000,0x00000000e1600000,0x00000000e1700000)
 ParOldGen       total 94720K, used 900K [0x00000000a3200000, 0x00000000a8e80000, 0x00000000e1100000)
  object space 94720K, 0% used [0x00000000a3200000,0x00000000a32e12f8,0x00000000a8e80000)
 Metaspace       used 5315K, capacity 5883K, committed 6016K, reserved 1056768K
  class space    used 555K, capacity 592K, committed 640K, reserved 1048576K
Event: 0.691 GC heap after
Heap after GC invocations=6 (full 0):
 PSYoungGen      total 4608K, used 940K [0x00000000e1100000, 0x00000000e1800000, 0x0000000100000000)
  eden space 3584K, 0% used [0x00000000e1100000,0x00000000e1100000,0x00000000e1480000)
  from space 1024K, 91% used [0x00000000e1600000,0x00000000e16eb1c8,0x00000000e1700000)
  to   space 1536K, 0% used [0x00000000e1480000,0x00000000e1480000,0x00000000e1600000)
 ParOldGen       total 94720K, used 908K [0x00000000a3200000, 0x00000000a8e80000, 0x00000000e1100000)
  object space 94720K, 0% used [0x00000000a3200000,0x00000000a32e32f8,0x00000000a8e80000)
 Metaspace       used 5315K, capacity 5883K, committed 6016K, reserved 1056768K
  class space    used 555K, capacity 592K, committed 640K, reserved 1048576K
}
Event: 0.869 GC heap before
{Heap before GC invocations=7 (full 0):
 PSYoungGen      total 4608K, used 4491K [0x00000000e1100000, 0x00000000e1800000, 0x0000000100000000)
  eden space 3584K, 99% used [0x00000000e1100000,0x00000000e1477cb0,0x00000000e1480000)
  from space 1024K, 91% used [0x00000000e1600000,0x00000000e16eb1c8,0x00000000e1700000)
  to   space 1536K, 0% used [0x00000000e1480000,0x00000000e1480000,0x00000000e1600000)
 ParOldGen       total 94720K, used 908K [0x00000000a3200000, 0x00000000a8e80000, 0x00000000e1100000)
  object space 94720K, 0% used [0x00000000a3200000,0x00000000a32e32f8,0x00000000a8e80000)
 Metaspace       used 6304K, capacity 6779K, committed 6912K, reserved 1056768K
  class space    used 626K, capacity 656K, committed 768K, reserved 1048576K
Event: 0.872 GC heap after
Heap after GC invocations=7 (full 0):
 PSYoungGen      total 5120K, used 1382K [0x00000000e1100000, 0x00000000e1b00000, 0x0000000100000000)
  eden space 3584K, 0% used [0x00000000e1100000,0x00000000e1100000,0x00000000e1480000)
  from space 1536K, 90% used [0x00000000e1480000,0x00000000e15d9a50,0x00000000e1600000)
  to   space 1536K, 0% used [0x00000000e1980000,0x00000000e1980000,0x00000000e1b00000)
 ParOldGen       total 94720K, used 1194K [0x00000000a3200000, 0x00000000a8e80000, 0x00000000e1100000)
  object space 94720K, 1% used [0x00000000a3200000,0x00000000a332aa00,0x00000000a8e80000)
 Metaspace       used 6304K, capacity 6779K, committed 6912K, reserved 1056768K
  class space    used 626K, capacity 656K, committed 768K, reserved 1048576K
}
Event: 1.124 GC heap before
{Heap before GC invocations=8 (full 0):
 PSYoungGen      total 5120K, used 4953K [0x00000000e1100000, 0x00000000e1b00000, 0x0000000100000000)
  eden space 3584K, 99% used [0x00000000e1100000,0x00000000e147cbd0,0x00000000e1480000)
  from space 1536K, 90% used [0x00000000e1480000,0x00000000e15d9a50,0x00000000e1600000)
  to   space 1536K, 0% used [0x00000000e1980000,0x00000000e1980000,0x00000000e1b00000)
 ParOldGen       total 94720K, used 1194K [0x00000000a3200000, 0x00000000a8e80000, 0x00000000e1100000)
  object space 94720K, 1% used [0x00000000a3200000,0x00000000a332aa00,0x00000000a8e80000)
 Metaspace       used 7200K, capacity 7579K, committed 7680K, reserved 1056768K
  class space    used 719K, capacity 752K, committed 768K, reserved 1048576K
Event: 1.149 GC heap after
Heap after GC invocations=8 (full 0):
 PSYoungGen      total 8704K, used 1244K [0x00000000e1100000, 0x00000000e1b00000, 0x0000000100000000)
  eden space 7168K, 0% used [0x00000000e1100000,0x00000000e1100000,0x00000000e1800000)
  from space 1536K, 81% used [0x00000000e1980000,0x00000000e1ab7318,0x00000000e1b00000)
  to   space 1536K, 0% used [0x00000000e1800000,0x00000000e1800000,0x00000000e1980000)
 ParOldGen       total 94720K, used 1330K [0x00000000a3200000, 0x00000000a8e80000, 0x00000000e1100000)
  object space 94720K, 1% used [0x00000000a3200000,0x00000000a334ca10,0x00000000a8e80000)
 Metaspace       used 7200K, capacity 7579K, committed 7680K, reserved 1056768K
  class space    used 719K, capacity 752K, committed 768K, reserved 1048576K
}

Deoptimization events (0 events):
No events

Internal exceptions (10 events):
Event: 1.346 Thread 0x0000000057cb9000 Exception <a 'java/security/PrivilegedActionException'> (0x00000000e1480e70) thrown at [D:\re\workspace\8-2-build-windows-amd64-cygwin\jdk8\2238\hotspot\src\share\vm\prims\jvm.cpp, line 1248]
Event: 1.347 Thread 0x0000000057cb9000 Exception <a 'java/security/PrivilegedActionException'> (0x00000000e1485c00) thrown at [D:\re\workspace\8-2-build-windows-amd64-cygwin\jdk8\2238\hotspot\src\share\vm\prims\jvm.cpp, line 1248]
Event: 1.347 Thread 0x0000000057cb9000 Exception <a 'java/security/PrivilegedActionException'> (0x00000000e148aa90) thrown at [D:\re\workspace\8-2-build-windows-amd64-cygwin\jdk8\2238\hotspot\src\share\vm\prims\jvm.cpp, line 1248]
Event: 1.348 Thread 0x0000000057cb9000 Exception <a 'java/security/PrivilegedActionException'> (0x00000000e148fab8) thrown at [D:\re\workspace\8-2-build-windows-amd64-cygwin\jdk8\2238\hotspot\src\share\vm\prims\jvm.cpp, line 1248]
Event: 1.374 Thread 0x0000000057cb9000 Exception <a 'java/security/PrivilegedActionException'> (0x00000000e1495318) thrown at [D:\re\workspace\8-2-build-windows-amd64-cygwin\jdk8\2238\hotspot\src\share\vm\prims\jvm.cpp, line 1248]
Event: 1.375 Thread 0x0000000057cb9000 Exception <a 'java/security/PrivilegedActionException'> (0x00000000e149a338) thrown at [D:\re\workspace\8-2-build-windows-amd64-cygwin\jdk8\2238\hotspot\src\share\vm\prims\jvm.cpp, line 1248]
Event: 1.375 Thread 0x0000000057cb9000 Exception <a 'java/security/PrivilegedActionException'> (0x00000000e149f3c8) thrown at [D:\re\workspace\8-2-build-windows-amd64-cygwin\jdk8\2238\hotspot\src\share\vm\prims\jvm.cpp, line 1248]
Event: 1.825 Thread 0x0000000057cb9000 Exception <a 'java/security/PrivilegedActionException'> (0x00000000e14a4168) thrown at [D:\re\workspace\8-2-build-windows-amd64-cygwin\jdk8\2238\hotspot\src\share\vm\prims\jvm.cpp, line 1248]
Event: 2.060 Thread 0x0000000057cb9000 Exception <a 'java/security/PrivilegedActionException'> (0x00000000e14a96b0) thrown at [D:\re\workspace\8-2-build-windows-amd64-cygwin\jdk8\2238\hotspot\src\share\vm\prims\jvm.cpp, line 1248]
Event: 2.061 Thread 0x0000000057cb9000 Exception <a 'java/security/PrivilegedActionException'> (0x00000000e14aef58) thrown at [D:\re\workspace\8-2-build-windows-amd64-cygwin\jdk8\2238\hotspot\src\share\vm\prims\jvm.cpp, line 1248]

Events (10 events):
Event: 1.825 loading class com/badlogic/gdx/scenes/scene2d/InputListener$1
Event: 1.825 loading class com/badlogic/gdx/scenes/scene2d/InputListener$1 done
Event: 2.059 loading class com/badlogic/gdx/physics/box2d/JointDef$JointType
Event: 2.059 loading class com/badlogic/gdx/physics/box2d/JointDef$JointType done
Event: 2.061 loading class com/badlogic/gdx/physics/box2d/JointEdge
Event: 2.061 loading class com/badlogic/gdx/physics/box2d/JointEdge done
Event: 2.075 Thread 0x0000000057cb9000 DEOPT PACKING pc=0x0000000002a4ded5 sp=0x000000005a16ebc0
Event: 2.075 Thread 0x0000000057cb9000 DEOPT UNPACKING pc=0x00000000027a7204 sp=0x000000005a16e9d0 mode 0
Event: 2.311 Thread 0x0000000057cb9000 DEOPT PACKING pc=0x0000000002a4c103 sp=0x000000005a16ea40
Event: 2.311 Thread 0x0000000057cb9000 DEOPT UNPACKING pc=0x00000000027a7204 sp=0x000000005a16e7a8 mode 0


Dynamic libraries:
0x000000013f7c0000 - 0x000000013f7f4000 	C:\Program Files\Java\jre8\bin\javaw.exe
0x0000000077bd0000 - 0x0000000077d79000 	C:\Windows\SYSTEM32\ntdll.dll
0x00000000779b0000 - 0x0000000077acf000 	C:\Windows\system32\kernel32.dll
0x000007fefda40000 - 0x000007fefdaac000 	C:\Windows\system32\KERNELBASE.dll
0x000007fefde20000 - 0x000007fefdefb000 	C:\Windows\system32\ADVAPI32.dll
0x000007fefe1c0000 - 0x000007fefe25f000 	C:\Windows\system32\msvcrt.dll
0x000007fefe830000 - 0x000007fefe84f000 	C:\Windows\SYSTEM32\sechost.dll
0x000007fefed80000 - 0x000007fefeead000 	C:\Windows\system32\RPCRT4.dll
0x0000000077ad0000 - 0x0000000077bca000 	C:\Windows\system32\USER32.dll
0x000007fefe4d0000 - 0x000007fefe537000 	C:\Windows\system32\GDI32.dll
0x000007fefdf00000 - 0x000007fefdf0e000 	C:\Windows\system32\LPK.dll
0x000007fefe760000 - 0x000007fefe829000 	C:\Windows\system32\USP10.dll
0x000007fefc2e0000 - 0x000007fefc4d4000 	C:\Windows\WinSxS\amd64_microsoft.windows.common-controls_6595b64144ccf1df_6.0.7601.17514_none_fa396087175ac9ac\COMCTL32.dll
0x000007fefe280000 - 0x000007fefe2f1000 	C:\Windows\system32\SHLWAPI.dll
0x000007fefe190000 - 0x000007fefe1be000 	C:\Windows\system32\IMM32.DLL
0x000007fefe080000 - 0x000007fefe189000 	C:\Windows\system32\MSCTF.dll
0x000000005ddf0000 - 0x000000005dec2000 	C:\Program Files\Java\jre8\bin\msvcr100.dll
0x000000005ca40000 - 0x000000005d26a000 	C:\Program Files\Java\jre8\bin\server\jvm.dll
0x000007fef5690000 - 0x000007fef5699000 	C:\Windows\system32\WSOCK32.dll
0x000007fefe3e0000 - 0x000007fefe42d000 	C:\Windows\system32\WS2_32.dll
0x000007fefe540000 - 0x000007fefe548000 	C:\Windows\system32\NSI.dll
0x000007fef5a20000 - 0x000007fef5a5b000 	C:\Windows\system32\WINMM.dll
0x0000000077da0000 - 0x0000000077da7000 	C:\Windows\system32\PSAPI.DLL
0x0000000074930000 - 0x000000007493f000 	C:\Program Files\Java\jre8\bin\verify.dll
0x0000000074900000 - 0x0000000074928000 	C:\Program Files\Java\jre8\bin\java.dll
0x0000000067870000 - 0x0000000067886000 	C:\Program Files\Java\jre8\bin\zip.dll
0x000007fefef10000 - 0x000007feffc98000 	C:\Windows\system32\SHELL32.dll
0x000007fefe550000 - 0x000007fefe753000 	C:\Windows\system32\ole32.dll
0x000007fefd9f0000 - 0x000007fefd9ff000 	C:\Windows\system32\profapi.dll
0x0000000065580000 - 0x000000006561b000 	C:\Users\Chris Ngai\AppData\Local\Temp\libgdxChris Ngai\3fcab39a\gdx64.dll
0x000007fefd300000 - 0x000007fefd317000 	C:\Windows\system32\CRYPTSP.dll
0x000007fefcee0000 - 0x000007fefcf27000 	C:\Windows\system32\rsaenh.dll
0x000007fefdd80000 - 0x000007fefdd9e000 	C:\Windows\system32\USERENV.dll
0x000007fefd840000 - 0x000007fefd84f000 	C:\Windows\system32\CRYPTBASE.dll
0x000000006d7e0000 - 0x000000006d7fa000 	C:\Program Files\Java\jre8\bin\net.dll
0x000007fefd170000 - 0x000007fefd1c5000 	C:\Windows\system32\mswsock.dll
0x000007fefd440000 - 0x000007fefd447000 	C:\Windows\System32\wship6.dll
0x000007fefb7f0000 - 0x000007fefb805000 	C:\Windows\system32\NLAapi.dll
0x000007fef3950000 - 0x000007fef3965000 	C:\Windows\system32\napinsp.dll
0x000007fef3930000 - 0x000007fef3949000 	C:\Windows\system32\pnrpnsp.dll
0x000007fefd000000 - 0x000007fefd05b000 	C:\Windows\system32\DNSAPI.dll
0x000007fef3920000 - 0x000007fef392b000 	C:\Windows\System32\winrnr.dll
0x0000000063560000 - 0x0000000063569000 	C:\Program Files\National Instruments\Shared\mDNS Responder\nimdnsNSP.dll
0x0000000063550000 - 0x000000006355c000 	C:\Windows\system32\nimdnsResponder.dll
0x000000006e960000 - 0x000000006ea03000 	C:\Windows\WinSxS\amd64_microsoft.vc90.crt_1fc8b3b9a1e18e3b_9.0.30729.6161_none_08e61857a83bc251\MSVCR90.dll
0x000007fefaca0000 - 0x000007fefacc7000 	C:\Windows\system32\Iphlpapi.DLL
0x000007fefac90000 - 0x000007fefac9b000 	C:\Windows\system32\WINNSI.DLL
0x000000006dc10000 - 0x000000006dc36000 	C:\Program Files\Bonjour\mdnsNSP.dll
0x000007fef38f0000 - 0x000007fef391f000 	C:\Program Files\Common Files\Microsoft Shared\Windows Live\WLIDNSP.DLL
0x000007fef38e0000 - 0x000007fef38f0000 	C:\Windows\system32\wshbth.dll
0x000007fefcb50000 - 0x000007fefcb57000 	C:\Windows\System32\wshtcpip.dll
0x000007fef3760000 - 0x000007fef3768000 	C:\Windows\system32\rasadhlp.dll
0x000007fefa900000 - 0x000007fefa953000 	C:\Windows\System32\fwpuclnt.dll
0x0000000067710000 - 0x0000000067721000 	C:\Program Files\Java\jre8\bin\nio.dll
0x0000000180000000 - 0x0000000180051000 	C:\Users\Chris Ngai\AppData\Local\Temp\libgdxChris Ngai\ccd07a7a\lwjgl64.dll
0x000007feeb0f0000 - 0x000007feeb20d000 	C:\Windows\system32\OPENGL32.dll
0x000007fef9590000 - 0x000007fef95bd000 	C:\Windows\system32\GLU32.dll
0x000007fef9600000 - 0x000007fef96f1000 	C:\Windows\system32\DDRAW.dll
0x000007fefa360000 - 0x000007fefa368000 	C:\Windows\system32\DCIMAN32.dll
0x000007fefe8f0000 - 0x000007fefeac7000 	C:\Windows\system32\SETUPAPI.dll
0x000007fefda00000 - 0x000007fefda36000 	C:\Windows\system32\CFGMGR32.dll
0x000007fefe300000 - 0x000007fefe3d7000 	C:\Windows\system32\OLEAUT32.dll
0x000007fefdd60000 - 0x000007fefdd7a000 	C:\Windows\system32\DEVOBJ.dll
0x000007fefb8c0000 - 0x000007fefb8d8000 	C:\Windows\system32\dwmapi.dll
0x000007fefca80000 - 0x000007fefca8c000 	C:\Windows\system32\VERSION.dll
0x0000000012430000 - 0x0000000012494000 	C:\Users\CHRISN~1\AppData\Local\Temp\libgdxChris Ngai\ccd07a7a\OpenAL64.dll
0x000007fefc0d0000 - 0x000007fefc126000 	C:\Windows\system32\uxtheme.dll
0x000007fef2730000 - 0x000007fef27af000 	C:\Program Files\Common Files\microsoft shared\ink\tiptsf.dll
0x000007fefe430000 - 0x000007fefe4c9000 	C:\Windows\system32\CLBCatQ.DLL
0x000007fefc130000 - 0x000007fefc25c000 	C:\Windows\System32\PROPSYS.dll
0x000007fefdcd0000 - 0x000007fefdd0a000 	C:\Windows\system32\WINTRUST.dll
0x000007fefdb60000 - 0x000007fefdccc000 	C:\Windows\system32\CRYPT32.dll
0x000007fefd9e0000 - 0x000007fefd9ef000 	C:\Windows\system32\MSASN1.dll
0x000007fef94d0000 - 0x000007fef9558000 	C:\Windows\system32\dsound.dll
0x000007fefbe80000 - 0x000007fefbeac000 	C:\Windows\system32\POWRPROF.dll
0x000007fefb8e0000 - 0x000007fefb92b000 	C:\Windows\System32\MMDevApi.dll
0x000007fef1af0000 - 0x000007fef1b3f000 	C:\Windows\system32\AUDIOSES.DLL
0x000007fef95d0000 - 0x000007fef95d8000 	C:\Windows\system32\atig6pxx.dll
0x0000000069030000 - 0x000000006a444000 	C:\Windows\system32\atio6axx.dll
0x000007fef95e0000 - 0x000007fef95ea000 	C:\Windows\system32\atig6txx.dll
0x0000000056ff0000 - 0x0000000057047000 	C:\Windows\system32\atiadlxx.dll
0x00000000572b0000 - 0x0000000057315000 	C:\Program Files\WIDCOMM\Bluetooth Software\btmmhook.dll
0x000007fefa3b0000 - 0x000007fefa404000 	C:\Windows\system32\oleacc.dll
0x000007fef01e0000 - 0x000007fef027c000 	C:\Windows\system32\mscms.dll
0x000007fef00d0000 - 0x000007fef0112000 	C:\Windows\system32\icm32.dll
0x0000000066bc0000 - 0x0000000066c7b000 	C:\Users\Chris Ngai\AppData\Local\Temp\libgdxChris Ngai\d6d72896\gdx-box2d64.dll
0x000007fef2170000 - 0x000007fef2295000 	C:\Windows\system32\dbghelp.dll

VM Arguments:
jvm_args: -Dfile.encoding=Cp1252 
java_command: com.alexngai.lighttest.desktop.DesktopLauncher
java_class_path (initial): C:\Users\Chris Ngai\Desktop\LightTest\desktop\bin;C:\Users\Chris Ngai\Desktop\LightTest\core\bin;C:\Users\Chris Ngai\.gradle\caches\modules-2\files-2.1\com.badlogicgames.gdx\gdx\1.3.1\18995f8b7b19118975722370818023c76a86fdf4\gdx-1.3.1.jar;C:\Users\Chris Ngai\.gradle\caches\modules-2\files-2.1\com.badlogicgames.gdx\gdx-box2d\1.3.1\868425fb2070db88a2949a25b88e0a737a372d4b\gdx-box2d-1.3.1.jar;C:\Users\Chris Ngai\Desktop\LightTest\core\box2dlights-1.3.jar;C:\Users\Chris Ngai\.gradle\caches\modules-2\files-2.1\com.badlogicgames.gdx\gdx-backend-lwjgl\1.3.1\8df8aa24811d137e88658508fba4c7bb6f27c8c9\gdx-backend-lwjgl-1.3.1.jar;C:\Users\Chris Ngai\.gradle\caches\modules-2\files-2.1\com.badlogicgames.gdx\gdx-platform\1.3.1\88596abf3fdd2ea4662e67d59c3c05b07b0d859b\gdx-platform-1.3.1-natives-desktop.jar;C:\Users\Chris Ngai\.gradle\caches\modules-2\files-2.1\com.badlogicgames.gdx\gdx-box2d-platform\1.3.1\79e136941a5dbead58981f1abc5c00405e0048ff\gdx-box2d-platform-1.3.1-natives-desktop.jar;C:\Users\Chris Ngai\.gradle\caches\modules-2\files-2.1\org.lwjgl.lwjgl\lwjgl-platform\2.9.1\aa9aae879af8eb378e22cfc64db56ec2ca9a44d1\lwjgl-platform-2.9.1-natives-linux.jar;C:\Users\Chris Ngai\.gradle\caches\modules-2\files-2.1\org.lwjgl.lwjgl\lwjgl-platform\2.9.1\2d12c83fdfbc04ecabf02c7bc8cc54d034f0daac\lwjgl-platform-2.9.1-natives-osx.jar;C:\Users\Chris Ngai\.gradle\caches\modules-2\files-2.1\org.lwjgl.lwjgl\lwjgl-platform\2.9.1\4c517eca808522457dd95ee8fc1fbcdbb602efbe\lwjgl-platform-2.9.1-natives-windows.jar;C:\Users\Chris Ngai\.gradle\caches\modules-2\files-2.1\net.java.jutils\jutils\1.0.0\e12fe1fda814bd348c1579329c86943d2cd3c6a6\jutils-1.0.0.jar;C:\Users\Chris Ngai\.gradle\caches\modules-2\files-2.1\net.java.jinput\jinput\2.0.5\39c7796b469a600f72380316f6b1f11db6c2c7c4\jinput-2.0.5.jar;C:\Users\Chris Ngai\.gradle\caches\modules-2\files-2.1\org.lwjgl.lwjgl\lwjgl\2.9.1\f58c5aabcef0e41718a564be9f8e412fff8db847\lwjgl-2.9.1.jar;C:\Users\Chris Ngai\.gradle\caches\module
Launcher Type: SUN_STANDARD

Environment Variables:
CLASSPATH=;C:\Program Files\OpenNI\Bin64\org.OpenNI.jar;C:\Program Files (x86)\OpenNI\Bin\org.OpenNI.jar
PATH=C:/PROGRAM FILES/JAVA/JRE8/BIN/server;C:/PROGRAM FILES/JAVA/JRE8/BIN;C:/PROGRAM FILES/JAVA/JRE8/lib/amd64;C:\Program Files\Common Files\Microsoft Shared\Windows Live;C:\Program Files (x86)\Common Files\Microsoft Shared\Windows Live;C:\WINAVR-20100110\BIN;C:\PATH\TO\JDK\BIN;C:\PROGRAM FILES\JAVA\JRE8\BIN;;C:\Program Files\WIDCOMM\Bluetooth Software\;C:\Program Files\WIDCOMM\Bluetooth Software\syswow64;C:\Program Files (x86)\QuickTime\QTSystem\;C:\Program Files (x86)\Windows Live\Shared;C:\Program Files (x86)\Common Files\Adobe\AGL;C:\Program Files (x86)\OpenCV\bin;C:\Users\Chris Ngai\AppData\Roaming\npm;C:\Program Files\PCL 1.6.0\bin;C:\Program Files\Java\jre8\bin;;C:\Users\Chris Ngai\Desktop\adt-bundle-windows-x86_64-20140702\eclipse;
USERNAME=Chris Ngai
OS=Windows_NT
PROCESSOR_IDENTIFIER=Intel64 Family 6 Model 37 Stepping 5, GenuineIntel



---------------  S Y S T E M  ---------------

OS: Windows 7 , 64 bit Build 7601 Service Pack 1

CPU:total 4 (2 cores per cpu, 2 threads per core) family 6 model 37 stepping 5, cmov, cx8, fxsr, mmx, sse, sse2, sse3, ssse3, sse4.1, sse4.2, popcnt, ht, tsc, tscinvbit

Memory: 4k page, physical 6084208k(1255568k free), swap 12166552k(4604256k free)

vm_info: Java HotSpot(TM) 64-Bit Server VM (25.0-b70) for windows-amd64 JRE (1.8.0-b132), built on Mar  4 2014 03:46:18 by "java_re" with MS VC++ 10.0 (VS2010)

time: Fri Sep 19 18:36:21 2014
elapsed time: 2 seconds

